<?xml version="1.0" encoding="UTF-8"?>
<testsuite xmlns:xsi="http://www.w3.org/2001/XMLSchema-instance" xsi:noNamespaceSchemaLocation="https://maven.apache.org/surefire/maven-surefire-plugin/xsd/surefire-test-report.xsd" name="com.tongji.MainTest" time="5.237" tests="2" errors="1" skipped="0" failures="0">
  <properties>
[...]
</properties>
  <testcase name="test" classname="com.tongji.MainTest" time="0.552">
    <error message="&#10;### Error updating database.  Cause: java.sql.SQLIntegrityConstraintViolationException: Duplicate entry &apos;0001489305&apos; for key &apos;PRIMARY&apos;&#10;### The error may involve com.tongji.mapper.MovieMapper.insertSelective-Inline&#10;### The error occurred while setting parameters&#10;### SQL: insert into movie      ( movie_id,                       title,                       genres,                       director,                       run_time,                       release_date,                       date_first_available,                       supporting_actors,                       actor,                       series )       values ( ?,                       ?,                       ?,                       ?,                       ?,                       ?,                       ?,                       ?,                       ?,                       ? )&#10;### Cause: java.sql.SQLIntegrityConstraintViolationException: Duplicate entry &apos;0001489305&apos; for key &apos;PRIMARY&apos;&#10;; Duplicate entry &apos;0001489305&apos; for key &apos;PRIMARY&apos;; nested exception is java.sql.SQLIntegrityConstraintViolationException: Duplicate entry &apos;0001489305&apos; for key &apos;PRIMARY&apos;" type="org.springframework.dao.DuplicateKeyException">org.springframework.dao.DuplicateKeyException: 

### Error updating database.  Cause: java.sql.SQLIntegrityConstraintViolationException: Duplicate entry '0001489305' for key 'PRIMARY'
### The error may involve com.tongji.mapper.MovieMapper.insertSelective-Inline
### The error occurred while setting parameters
### SQL: insert into movie      ( movie_id,                       title,                       genres,                       director,                       run_time,                       release_date,                       date_first_available,                       supporting_actors,                       actor,                       series )       values ( ?,                       ?,                       ?,                       ?,                       ?,                       ?,                       ?,                       ?,                       ?,                       ? )
### Cause: java.sql.SQLIntegrityConstraintViolationException: Duplicate entry '0001489305' for key 'PRIMARY'
; Duplicate entry '0001489305' for key 'PRIMARY'; nested exception is java.sql.SQLIntegrityConstraintViolationException: Duplicate entry '0001489305' for key 'PRIMARY'
	at com.tongji.MainTest.test(MainTest.java:148)
Caused by: java.sql.SQLIntegrityConstraintViolationException: Duplicate entry '0001489305' for key 'PRIMARY'
	at com.tongji.MainTest.test(MainTest.java:148)
</error>
    <system-out><![CDATA[16:12:02.008 [main] DEBUG org.springframework.test.context.junit4.SpringJUnit4ClassRunner - SpringJUnit4ClassRunner constructor called with [class com.tongji.MainTest]
16:12:02.013 [main] DEBUG org.springframework.test.context.BootstrapUtils - Instantiating CacheAwareContextLoaderDelegate from class [org.springframework.test.context.cache.DefaultCacheAwareContextLoaderDelegate]
16:12:02.019 [main] DEBUG org.springframework.test.context.BootstrapUtils - Instantiating BootstrapContext using constructor [public org.springframework.test.context.support.DefaultBootstrapContext(java.lang.Class,org.springframework.test.context.CacheAwareContextLoaderDelegate)]
16:12:02.034 [main] DEBUG org.springframework.test.context.BootstrapUtils - Instantiating TestContextBootstrapper for test class [com.tongji.MainTest] from class [org.springframework.boot.test.context.SpringBootTestContextBootstrapper]
16:12:02.044 [main] INFO org.springframework.boot.test.context.SpringBootTestContextBootstrapper - Neither @ContextConfiguration nor @ContextHierarchy found for test class [com.tongji.MainTest], using SpringBootContextLoader
16:12:02.047 [main] DEBUG org.springframework.test.context.support.AbstractContextLoader - Did not detect default resource location for test class [com.tongji.MainTest]: class path resource [com/tongji/MainTest-context.xml] does not exist
16:12:02.047 [main] DEBUG org.springframework.test.context.support.AbstractContextLoader - Did not detect default resource location for test class [com.tongji.MainTest]: class path resource [com/tongji/MainTestContext.groovy] does not exist
16:12:02.047 [main] INFO org.springframework.test.context.support.AbstractContextLoader - Could not detect default resource locations for test class [com.tongji.MainTest]: no resource found for suffixes {-context.xml, Context.groovy}.
16:12:02.086 [main] DEBUG org.springframework.test.context.support.ActiveProfilesUtils - Could not find an 'annotation declaring class' for annotation type [org.springframework.test.context.ActiveProfiles] and class [com.tongji.MainTest]
16:12:02.211 [main] DEBUG org.springframework.boot.test.context.SpringBootTestContextBootstrapper - @TestExecutionListeners is not present for class [com.tongji.MainTest]: using defaults.
16:12:02.211 [main] INFO org.springframework.boot.test.context.SpringBootTestContextBootstrapper - Loaded default TestExecutionListener class names from location [META-INF/spring.factories]: [org.springframework.boot.test.autoconfigure.restdocs.RestDocsTestExecutionListener, org.springframework.boot.test.autoconfigure.web.client.MockRestServiceServerResetTestExecutionListener, org.springframework.boot.test.autoconfigure.web.servlet.MockMvcPrintOnlyOnFailureTestExecutionListener, org.springframework.boot.test.autoconfigure.web.servlet.WebDriverTestExecutionListener, org.springframework.test.context.web.ServletTestExecutionListener, org.springframework.test.context.support.DirtiesContextBeforeModesTestExecutionListener, org.springframework.test.context.support.DependencyInjectionTestExecutionListener, org.springframework.test.context.support.DirtiesContextTestExecutionListener, org.springframework.test.context.transaction.TransactionalTestExecutionListener, org.springframework.test.context.jdbc.SqlScriptsTestExecutionListener, org.springframework.boot.test.mock.mockito.MockitoTestExecutionListener, org.springframework.boot.test.mock.mockito.ResetMocksTestExecutionListener]
16:12:02.224 [main] INFO org.springframework.boot.test.context.SpringBootTestContextBootstrapper - Using TestExecutionListeners: [org.springframework.test.context.web.ServletTestExecutionListener@5fdcaa40, org.springframework.test.context.support.DirtiesContextBeforeModesTestExecutionListener@6dc17b83, org.springframework.boot.test.mock.mockito.MockitoTestExecutionListener@5e0826e7, org.springframework.boot.test.autoconfigure.SpringBootDependencyInjectionTestExecutionListener@32eff876, org.springframework.test.context.support.DirtiesContextTestExecutionListener@8dbdac1, org.springframework.test.context.transaction.TransactionalTestExecutionListener@6e20b53a, org.springframework.test.context.jdbc.SqlScriptsTestExecutionListener@71809907, org.springframework.boot.test.autoconfigure.restdocs.RestDocsTestExecutionListener@3ce1e309, org.springframework.boot.test.autoconfigure.web.client.MockRestServiceServerResetTestExecutionListener@6aba2b86, org.springframework.boot.test.autoconfigure.web.servlet.MockMvcPrintOnlyOnFailureTestExecutionListener@158da8e, org.springframework.boot.test.autoconfigure.web.servlet.WebDriverTestExecutionListener@74e52303, org.springframework.boot.test.mock.mockito.ResetMocksTestExecutionListener@47af7f3d]
16:12:02.225 [main] DEBUG org.springframework.test.annotation.ProfileValueUtils - Retrieved @ProfileValueSourceConfiguration [null] for test class [com.tongji.MainTest]
16:12:02.225 [main] DEBUG org.springframework.test.annotation.ProfileValueUtils - Retrieved ProfileValueSource type [class org.springframework.test.annotation.SystemProfileValueSource] for class [com.tongji.MainTest]
16:12:02.226 [main] DEBUG org.springframework.test.annotation.ProfileValueUtils - Retrieved @ProfileValueSourceConfiguration [null] for test class [com.tongji.MainTest]
16:12:02.226 [main] DEBUG org.springframework.test.annotation.ProfileValueUtils - Retrieved ProfileValueSource type [class org.springframework.test.annotation.SystemProfileValueSource] for class [com.tongji.MainTest]
16:12:02.227 [main] DEBUG org.springframework.test.annotation.ProfileValueUtils - Retrieved @ProfileValueSourceConfiguration [null] for test class [com.tongji.MainTest]
16:12:02.227 [main] DEBUG org.springframework.test.annotation.ProfileValueUtils - Retrieved ProfileValueSource type [class org.springframework.test.annotation.SystemProfileValueSource] for class [com.tongji.MainTest]
16:12:02.230 [main] DEBUG org.springframework.test.context.support.AbstractDirtiesContextTestExecutionListener - Before test class: context [DefaultTestContext@2a798d51 testClass = MainTest, testInstance = [null], testMethod = [null], testException = [null], mergedContextConfiguration = [WebMergedContextConfiguration@6d763516 testClass = MainTest, locations = '{}', classes = '{class com.tongji.MyApplication, class com.tongji.MyApplication}', contextInitializerClasses = '[]', activeProfiles = '{}', propertySourceLocations = '{}', propertySourceProperties = '{org.springframework.boot.test.context.SpringBootTestContextBootstrapper=true}', contextCustomizers = set[org.springframework.boot.test.autoconfigure.properties.PropertyMappingContextCustomizer@0, org.springframework.boot.test.autoconfigure.web.servlet.WebDriverContextCustomizerFactory$Customizer@42607a4f, org.springframework.boot.test.context.filter.ExcludeFilterContextCustomizer@7276c8cd, org.springframework.boot.test.json.DuplicateJsonObjectContextCustomizerFactory$DuplicateJsonObjectContextCustomizer@150c158, org.springframework.boot.test.mock.mockito.MockitoContextCustomizer@0, org.springframework.boot.test.web.client.TestRestTemplateContextCustomizer@16f7c8c1], resourceBasePath = 'src/main/webapp', contextLoader = 'org.springframework.boot.test.context.SpringBootContextLoader', parent = [null]], attributes = map['org.springframework.test.context.web.ServletTestExecutionListener.activateListener' -> true]], class annotated with @DirtiesContext [false] with mode [null].
16:12:02.231 [main] DEBUG org.springframework.test.annotation.ProfileValueUtils - Retrieved @ProfileValueSourceConfiguration [null] for test class [com.tongji.MainTest]
16:12:02.231 [main] DEBUG org.springframework.test.annotation.ProfileValueUtils - Retrieved ProfileValueSource type [class org.springframework.test.annotation.SystemProfileValueSource] for class [com.tongji.MainTest]
16:12:02.254 [main] DEBUG org.springframework.test.context.support.TestPropertySourceUtils - Adding inlined properties to environment: {spring.jmx.enabled=false, org.springframework.boot.test.context.SpringBootTestContextBootstrapper=true, server.port=-1}

  .   ____          _            __ _ _
 /\\ / ___'_ __ _ _(_)_ __  __ _ \ \ \ \
( ( )\___ | '_ | '_| | '_ \/ _` | \ \ \ \
 \\/  ___)| |_)| | | | | || (_| |  ) ) ) )
  '  |____| .__|_| |_|_| |_\__, | / / / /
 =========|_|==============|___/=/_/_/_/
 :: Spring Boot ::        (v2.1.3.RELEASE)

2020-11-06 16:12:02.541  INFO 9772 --- [           main] com.tongji.MainTest                      : Starting MainTest on DESKTOP-V75RFL7 with PID 9772 (started by 12549 in C:\Users\12549\Desktop\数据仓库\Web-Crawler\Others\movieDatabase)
2020-11-06 16:12:02.542  INFO 9772 --- [           main] com.tongji.MainTest                      : No active profile set, falling back to default profiles: default
2020-11-06 16:12:03.934  INFO 9772 --- [           main] trationDelegate$BeanPostProcessorChecker : Bean 'org.springframework.transaction.annotation.ProxyTransactionManagementConfiguration' of type [org.springframework.transaction.annotation.ProxyTransactionManagementConfiguration$$EnhancerBySpringCGLIB$$2e988060] is not eligible for getting processed by all BeanPostProcessors (for example: not eligible for auto-proxying)
2020-11-06 16:12:04.639  INFO 9772 --- [           main] c.a.d.s.b.a.DruidDataSourceAutoConfigure : Init DruidDataSource
2020-11-06 16:12:04.788  INFO 9772 --- [           main] com.alibaba.druid.pool.DruidDataSource   : {dataSource-1} inited
2020-11-06 16:12:05.012  INFO 9772 --- [           main] o.s.b.a.e.web.EndpointLinksResolver      : Exposing 2 endpoint(s) beneath base path '/actuator'
2020-11-06 16:12:05.183  INFO 9772 --- [           main] pertySourcedRequestMappingHandlerMapping : Mapped URL path [/v2/api-docs] onto method [public org.springframework.http.ResponseEntity<springfox.documentation.spring.web.json.Json> springfox.documentation.swagger2.web.Swagger2Controller.getDocumentation(java.lang.String,javax.servlet.http.HttpServletRequest)]
2020-11-06 16:12:05.893  INFO 9772 --- [           main] o.s.s.concurrent.ThreadPoolTaskExecutor  : Initializing ExecutorService 'applicationTaskExecutor'
2020-11-06 16:12:06.400  INFO 9772 --- [           main] d.s.w.p.DocumentationPluginsBootstrapper : Context refreshed
2020-11-06 16:12:06.429  INFO 9772 --- [           main] d.s.w.p.DocumentationPluginsBootstrapper : Found 1 custom documentation plugin(s)
2020-11-06 16:12:06.475  INFO 9772 --- [           main] s.d.s.w.s.ApiListingReferenceScanner     : Scanning for api listing references
2020-11-06 16:12:06.501  INFO 9772 --- [           main] com.tongji.MainTest                      : Started MainTest in 4.238 seconds (JVM running for 4.884)
1
]]></system-out>
  </testcase>
  <testcase name="test3" classname="com.tongji.MainTest" time="0.003"/>
</testsuite>